<?xml version="1.0" encoding="UTF-8"?>
<!-- Generated by org.testng.reporters.JUnitXMLReporter -->
<testsuite hostname="DESKTOP-KIB7BK7" ignored="0" name="Test" tests="4" failures="0" timestamp="2019-03-23T20:29:32 IST" time="0.087" errors="0">
  <testcase name="checkOutOrder" time="0.011" classname="com.mycompany.app.CheckoutTest"/>
  <testcase name="payment" time="0.003" classname="com.mycompany.app.CheckoutTest"/>
  <testcase name="chooseOrder" time="0.0" classname="com.mycompany.app.PlaceOrderTest"/>
  <testcase name="placeOrder" time="0.0" classname="com.mycompany.app.PlaceOrderTest"/>
</testsuite> <!-- Test -->
