<?xml version="1.0" encoding="UTF-8"?>
<testng-results skipped="0" failed="0" ignored="0" total="4" passed="4">
  <reporter-output>
  </reporter-output>
  <suite name="Suite" duration-ms="87" started-at="2019-03-23T20:29:32 IST" finished-at="2019-03-23T20:29:32 IST">
    <groups>
    </groups>
    <test name="Test" duration-ms="87" started-at="2019-03-23T20:29:32 IST" finished-at="2019-03-23T20:29:32 IST">
      <class name="com.mycompany.app.PlaceOrderTest">
        <test-method status="PASS" signature="chooseOrder()[pri:0, instance:com.mycompany.app.PlaceOrderTest@548a9f61]" name="chooseOrder" duration-ms="0" started-at="2019-03-23T20:29:32 IST" finished-at="2019-03-23T20:29:32 IST">
          <reporter-output>
          </reporter-output>
        </test-method> <!-- chooseOrder -->
        <test-method status="PASS" signature="placeOrder()[pri:0, instance:com.mycompany.app.PlaceOrderTest@548a9f61]" name="placeOrder" duration-ms="0" started-at="2019-03-23T20:29:32 IST" finished-at="2019-03-23T20:29:32 IST">
          <reporter-output>
          </reporter-output>
        </test-method> <!-- placeOrder -->
      </class> <!-- com.mycompany.app.PlaceOrderTest -->
      <class name="com.mycompany.app.CheckoutTest">
        <test-method status="PASS" signature="checkOutOrder()[pri:0, instance:com.mycompany.app.CheckoutTest@4f933fd1]" name="checkOutOrder" duration-ms="11" started-at="2019-03-23T20:29:32 IST" finished-at="2019-03-23T20:29:32 IST">
          <reporter-output>
          </reporter-output>
        </test-method> <!-- checkOutOrder -->
        <test-method status="PASS" signature="payment()[pri:0, instance:com.mycompany.app.CheckoutTest@4f933fd1]" name="payment" duration-ms="3" started-at="2019-03-23T20:29:32 IST" finished-at="2019-03-23T20:29:32 IST">
          <reporter-output>
          </reporter-output>
        </test-method> <!-- payment -->
      </class> <!-- com.mycompany.app.CheckoutTest -->
    </test> <!-- Test -->
  </suite> <!-- Suite -->
</testng-results>
